# JRE version: OpenJDK Runtime Environment (8.0_202-b53) (build 1.8.0_202-release-1483-b53)
# Java VM: OpenJDK 64-Bit Server VM (25.202-b53 mixed mode windows-amd64 compressed oops)
Heap:
 par new generation   total 39296K, used 36567K [0x00000000d1200000, 0x00000000d3ca0000, 0x00000000e0c00000)
  eden space 34944K, 100% used [0x00000000d1200000, 0x00000000d3420000, 0x00000000d3420000)
  from space 4352K,  37% used [0x00000000d3860000, 0x00000000d39f5c60, 0x00000000d3ca0000)
  to   space 4352K,  42% used [0x00000000d3420000, 0x00000000d35ebd20, 0x00000000d3860000)
 concurrent mark-sweep generation total 126880K, used 107668K [0x00000000e0c00000, 0x00000000e87e8000, 0x0000000100000000)
 Metaspace       used 192254K, capacity 205035K, committed 205436K, reserved 1228800K
  class space    used 22875K, capacity 25424K, committed 25480K, reserved 1048576K
GC Heap History (10 events):
Event: 33933.498 GC heap after
Heap after GC invocations=3023 (full 9):
 par new generation   total 39296K, used 3985K [0x00000000d1200000, 0x00000000d3ca0000, 0x00000000e0c00000)
  eden space 34944K,   0% used [0x00000000d1200000, 0x00000000d1200000, 0x00000000d3420000)
  from space 4352K,  91% used [0x00000000d3860000, 0x00000000d3c44458, 0x00000000d3ca0000)
  to   space 4352K,   0% used [0x00000000d3420000, 0x00000000d3420000, 0x00000000d3860000)
 concurrent mark-sweep generation total 126880K, used 107117K [0x00000000e0c00000, 0x00000000e87e8000, 0x0000000100000000)
 Metaspace       used 192246K, capacity 205023K, committed 205436K, reserved 1228800K
  class space    used 22874K, capacity 25422K, committed 25480K, reserved 1048576K
}
Event: 34022.108 GC heap before
{Heap before GC invocations=3023 (full 9):
 par new generation   total 39296K, used 38929K [0x00000000d1200000, 0x00000000d3ca0000, 0x00000000e0c00000)
  eden space 34944K, 100% used [0x00000000d1200000, 0x00000000d3420000, 0x00000000d3420000)
  from space 4352K,  91% used [0x00000000d3860000, 0x00000000d3c44458, 0x00000000d3ca0000)
  to   space 4352K,   0% used [0x00000000d3420000, 0x00000000d3420000, 0x00000000d3860000)
 concurrent mark-sweep generation total 126880K, used 107117K [0x00000000e0c00000, 0x00000000e87e8000, 0x0000000100000000)
 Metaspace       used 192254K, capacity 205035K, committed 205436K, reserved 1228800K
  class space    used 22875K, capacity 25424K, committed 25480K, reserved 1048576K
Event: 34022.116 GC heap after
Heap after GC invocations=3024 (full 9):
 par new generation   total 39296K, used 2280K [0x00000000d1200000, 0x00000000d3ca0000, 0x00000000e0c00000)
  eden space 34944K,   0% used [0x00000000d1200000, 0x00000000d1200000, 0x00000000d3420000)
  from space 4352K,  52% used [0x00000000d3420000, 0x00000000d365a0e8, 0x00000000d3860000)
  to   space 4352K,   0% used [0x00000000d3860000, 0x00000000d3860000, 0x00000000d3ca0000)
 concurrent mark-sweep generation total 126880K, used 107503K [0x00000000e0c00000, 0x00000000e87e8000, 0x0000000100000000)
 Metaspace       used 192254K, capacity 205035K, committed 205436K, reserved 1228800K
  class space    used 22875K, capacity 25424K, committed 25480K, reserved 1048576K
}
Event: 34022.340 GC heap before
{Heap before GC invocations=3024 (full 9):
 par new generation   total 39296K, used 37224K [0x00000000d1200000, 0x00000000d3ca0000, 0x00000000e0c00000)
  eden space 34944K, 100% used [0x00000000d1200000, 0x00000000d3420000, 0x00000000d3420000)
  from space 4352K,  52% used [0x00000000d3420000, 0x00000000d365a0e8, 0x00000000d3860000)
  to   space 4352K,   0% used [0x00000000d3860000, 0x00000000d3860000, 0x00000000d3ca0000)
 concurrent mark-sweep generation total 126880K, used 107503K [0x00000000e0c00000, 0x00000000e87e8000, 0x0000000100000000)
 Metaspace       used 192254K, capacity 205035K, committed 205436K, reserved 1228800K
  class space    used 22875K, capacity 25424K, committed 25480K, reserved 1048576K
Event: 34022.346 GC heap after
Heap after GC invocations=3025 (full 9):
 par new generation   total 39296K, used 1510K [0x00000000d1200000, 0x00000000d3ca0000, 0x00000000e0c00000)
  eden space 34944K,   0% used [0x00000000d1200000, 0x00000000d1200000, 0x00000000d3420000)
  from space 4352K,  34% used [0x00000000d3860000, 0x00000000d39d9a10, 0x00000000d3ca0000)
  to   space 4352K,   0% used [0x00000000d3420000, 0x00000000d3420000, 0x00000000d3860000)
 concurrent mark-sweep generation total 126880K, used 107503K [0x00000000e0c00000, 0x00000000e87e8000, 0x0000000100000000)
 Metaspace       used 192254K, capacity 205035K, committed 205436K, reserved 1228800K
  class space    used 22875K, capacity 25424K, committed 25480K, reserved 1048576K
}
Event: 34022.551 GC heap before
{Heap before GC invocations=3025 (full 9):
 par new generation   total 39296K, used 36454K [0x00000000d1200000, 0x00000000d3ca0000, 0x00000000e0c00000)
  eden space 34944K, 100% used [0x00000000d1200000, 0x00000000d3420000, 0x00000000d3420000)
  from space 4352K,  34% used [0x00000000d3860000, 0x00000000d39d9a10, 0x00000000d3ca0000)
  to   space 4352K,   0% used [0x00000000d3420000, 0x00000000d3420000, 0x00000000d3860000)
 concurrent mark-sweep generation total 126880K, used 107503K [0x00000000e0c00000, 0x00000000e87e8000, 0x0000000100000000)
 Metaspace       used 192254K, capacity 205035K, committed 205436K, reserved 1228800K
  class space    used 22875K, capacity 25424K, committed 25480K, reserved 1048576K
Event: 34022.556 GC heap after
Heap after GC invocations=3026 (full 9):
 par new generation   total 39296K, used 1464K [0x00000000d1200000, 0x00000000d3ca0000, 0x00000000e0c00000)
  eden space 34944K,   0% used [0x00000000d1200000, 0x00000000d1200000, 0x00000000d3420000)
  from space 4352K,  33% used [0x00000000d3420000, 0x00000000d358e0c0, 0x00000000d3860000)
  to   space 4352K,   0% used [0x00000000d3860000, 0x00000000d3860000, 0x00000000d3ca0000)
 concurrent mark-sweep generation total 126880K, used 107503K [0x00000000e0c00000, 0x00000000e87e8000, 0x0000000100000000)
 Metaspace       used 192254K, capacity 205035K, committed 205436K, reserved 1228800K
  class space    used 22875K, capacity 25424K, committed 25480K, reserved 1048576K
}
Event: 34022.768 GC heap before
{Heap before GC invocations=3026 (full 9):
 par new generation   total 39296K, used 36408K [0x00000000d1200000, 0x00000000d3ca0000, 0x00000000e0c00000)
  eden space 34944K, 100% used [0x00000000d1200000, 0x00000000d3420000, 0x00000000d3420000)
  from space 4352K,  33% used [0x00000000d3420000, 0x00000000d358e0c0, 0x00000000d3860000)
  to   space 4352K,   0% used [0x00000000d3860000, 0x00000000d3860000, 0x00000000d3ca0000)
 concurrent mark-sweep generation total 126880K, used 107503K [0x00000000e0c00000, 0x00000000e87e8000, 0x0000000100000000)
 Metaspace       used 192254K, capacity 205035K, committed 205436K, reserved 1228800K
  class space    used 22875K, capacity 25424K, committed 25480K, reserved 1048576K
Event: 34022.774 GC heap after
Heap after GC invocations=3027 (full 9):
 par new generation   total 39296K, used 1623K [0x00000000d1200000, 0x00000000d3ca0000, 0x00000000e0c00000)
  eden space 34944K,   0% used [0x00000000d1200000, 0x00000000d1200000, 0x00000000d3420000)
  from space 4352K,  37% used [0x00000000d3860000, 0x00000000d39f5c60, 0x00000000d3ca0000)
  to   space 4352K,   0% used [0x00000000d3420000, 0x00000000d3420000, 0x00000000d3860000)
 concurrent mark-sweep generation total 126880K, used 107618K [0x00000000e0c00000, 0x00000000e87e8000, 0x0000000100000000)
 Metaspace       used 192254K, capacity 205035K, committed 205436K, reserved 1228800K
  class space    used 22875K, capacity 25424K, committed 25480K, reserved 1048576K
}
Event: 34023.256 GC heap before
{Heap before GC invocations=3027 (full 9):
 par new generation   total 39296K, used 36567K [0x00000000d1200000, 0x00000000d3ca0000, 0x00000000e0c00000)
  eden space 34944K, 100% used [0x00000000d1200000, 0x00000000d3420000, 0x00000000d3420000)
  from space 4352K,  37% used [0x00000000d3860000, 0x00000000d39f5c60, 0x00000000d3ca0000)
  to   space 4352K,   0% used [0x00000000d3420000, 0x00000000d3420000, 0x00000000d3860000)
 concurrent mark-sweep generation total 126880K, used 107618K [0x00000000e0c00000, 0x00000000e87e8000, 0x0000000100000000)
 Metaspace       used 192254K, capacity 205035K, committed 205436K, reserved 1228800K
  class space    used 22875K, capacity 25424K, committed 25480K, reserved 1048576K

