# JRE version: OpenJDK Runtime Environment (8.0_202-b53) (build 1.8.0_202-release-1483-b53)
# Java VM: OpenJDK 64-Bit Server VM (25.202-b53 mixed mode windows-amd64 compressed oops)
Heap:
 par new generation   total 39296K, used 38142K [0x00000000d1200000, 0x00000000d3ca0000, 0x00000000e0c00000)
  eden space 34944K, 100% used [0x00000000d1200000, 0x00000000d3420000, 0x00000000d3420000)
  from space 4352K,  73% used [0x00000000d3860000, 0x00000000d3b7fa40, 0x00000000d3ca0000)
  to   space 4352K,  67% used [0x00000000d3420000, 0x00000000d36fdb60, 0x00000000d3860000)
 concurrent mark-sweep generation total 133268K, used 95466K [0x00000000e0c00000, 0x00000000e8e25000, 0x0000000100000000)
 Metaspace       used 188886K, capacity 201618K, committed 201888K, reserved 1226752K
  class space    used 22765K, capacity 25341K, committed 25436K, reserved 1048576K
GC Heap History (10 events):
Event: 15499.459 GC heap after
Heap after GC invocations=2061 (full 19):
 par new generation   total 39296K, used 2601K [0x00000000d1200000, 0x00000000d3ca0000, 0x00000000e0c00000)
  eden space 34944K,   0% used [0x00000000d1200000, 0x00000000d1200000, 0x00000000d3420000)
  from space 4352K,  59% used [0x00000000d3860000, 0x00000000d3aea640, 0x00000000d3ca0000)
  to   space 4352K,   0% used [0x00000000d3420000, 0x00000000d3420000, 0x00000000d3860000)
 concurrent mark-sweep generation total 133268K, used 94586K [0x00000000e0c00000, 0x00000000e8e25000, 0x0000000100000000)
 Metaspace       used 188884K, capacity 201618K, committed 201888K, reserved 1226752K
  class space    used 22765K, capacity 25341K, committed 25436K, reserved 1048576K
}
Event: 15500.011 GC heap before
{Heap before GC invocations=2061 (full 19):
 par new generation   total 39296K, used 37545K [0x00000000d1200000, 0x00000000d3ca0000, 0x00000000e0c00000)
  eden space 34944K, 100% used [0x00000000d1200000, 0x00000000d3420000, 0x00000000d3420000)
  from space 4352K,  59% used [0x00000000d3860000, 0x00000000d3aea640, 0x00000000d3ca0000)
  to   space 4352K,   0% used [0x00000000d3420000, 0x00000000d3420000, 0x00000000d3860000)
 concurrent mark-sweep generation total 133268K, used 94586K [0x00000000e0c00000, 0x00000000e8e25000, 0x0000000100000000)
 Metaspace       used 188885K, capacity 201618K, committed 201888K, reserved 1226752K
  class space    used 22765K, capacity 25341K, committed 25436K, reserved 1048576K
Event: 15500.020 GC heap after
Heap after GC invocations=2062 (full 19):
 par new generation   total 39296K, used 3120K [0x00000000d1200000, 0x00000000d3ca0000, 0x00000000e0c00000)
  eden space 34944K,   0% used [0x00000000d1200000, 0x00000000d1200000, 0x00000000d3420000)
  from space 4352K,  71% used [0x00000000d3420000, 0x00000000d372c200, 0x00000000d3860000)
  to   space 4352K,   0% used [0x00000000d3860000, 0x00000000d3860000, 0x00000000d3ca0000)
 concurrent mark-sweep generation total 133268K, used 94748K [0x00000000e0c00000, 0x00000000e8e25000, 0x0000000100000000)
 Metaspace       used 188885K, capacity 201618K, committed 201888K, reserved 1226752K
  class space    used 22765K, capacity 25341K, committed 25436K, reserved 1048576K
}
Event: 15500.220 GC heap before
{Heap before GC invocations=2062 (full 19):
 par new generation   total 39296K, used 38064K [0x00000000d1200000, 0x00000000d3ca0000, 0x00000000e0c00000)
  eden space 34944K, 100% used [0x00000000d1200000, 0x00000000d3420000, 0x00000000d3420000)
  from space 4352K,  71% used [0x00000000d3420000, 0x00000000d372c200, 0x00000000d3860000)
  to   space 4352K,   0% used [0x00000000d3860000, 0x00000000d3860000, 0x00000000d3ca0000)
 concurrent mark-sweep generation total 133268K, used 94748K [0x00000000e0c00000, 0x00000000e8e25000, 0x0000000100000000)
 Metaspace       used 188885K, capacity 201618K, committed 201888K, reserved 1226752K
  class space    used 22765K, capacity 25341K, committed 25436K, reserved 1048576K
Event: 15500.228 GC heap after
Heap after GC invocations=2063 (full 19):
 par new generation   total 39296K, used 3543K [0x00000000d1200000, 0x00000000d3ca0000, 0x00000000e0c00000)
  eden space 34944K,   0% used [0x00000000d1200000, 0x00000000d1200000, 0x00000000d3420000)
  from space 4352K,  81% used [0x00000000d3860000, 0x00000000d3bd5f40, 0x00000000d3ca0000)
  to   space 4352K,   0% used [0x00000000d3420000, 0x00000000d3420000, 0x00000000d3860000)
 concurrent mark-sweep generation total 133268K, used 94921K [0x00000000e0c00000, 0x00000000e8e25000, 0x0000000100000000)
 Metaspace       used 188885K, capacity 201618K, committed 201888K, reserved 1226752K
  class space    used 22765K, capacity 25341K, committed 25436K, reserved 1048576K
}
Event: 15500.547 GC heap before
{Heap before GC invocations=2063 (full 19):
 par new generation   total 39296K, used 38487K [0x00000000d1200000, 0x00000000d3ca0000, 0x00000000e0c00000)
  eden space 34944K, 100% used [0x00000000d1200000, 0x00000000d3420000, 0x00000000d3420000)
  from space 4352K,  81% used [0x00000000d3860000, 0x00000000d3bd5f40, 0x00000000d3ca0000)
  to   space 4352K,   0% used [0x00000000d3420000, 0x00000000d3420000, 0x00000000d3860000)
 concurrent mark-sweep generation total 133268K, used 94921K [0x00000000e0c00000, 0x00000000e8e25000, 0x0000000100000000)
 Metaspace       used 188886K, capacity 201618K, committed 201888K, reserved 1226752K
  class space    used 22765K, capacity 25341K, committed 25436K, reserved 1048576K
Event: 15500.556 GC heap after
Heap after GC invocations=2064 (full 19):
 par new generation   total 39296K, used 2861K [0x00000000d1200000, 0x00000000d3ca0000, 0x00000000e0c00000)
  eden space 34944K,   0% used [0x00000000d1200000, 0x00000000d1200000, 0x00000000d3420000)
  from space 4352K,  65% used [0x00000000d3420000, 0x00000000d36eb778, 0x00000000d3860000)
  to   space 4352K,   0% used [0x00000000d3860000, 0x00000000d3860000, 0x00000000d3ca0000)
 concurrent mark-sweep generation total 133268K, used 95095K [0x00000000e0c00000, 0x00000000e8e25000, 0x0000000100000000)
 Metaspace       used 188886K, capacity 201618K, committed 201888K, reserved 1226752K
  class space    used 22765K, capacity 25341K, committed 25436K, reserved 1048576K
}
Event: 15500.926 GC heap before
{Heap before GC invocations=2064 (full 19):
 par new generation   total 39296K, used 37805K [0x00000000d1200000, 0x00000000d3ca0000, 0x00000000e0c00000)
  eden space 34944K, 100% used [0x00000000d1200000, 0x00000000d3420000, 0x00000000d3420000)
  from space 4352K,  65% used [0x00000000d3420000, 0x00000000d36eb778, 0x00000000d3860000)
  to   space 4352K,   0% used [0x00000000d3860000, 0x00000000d3860000, 0x00000000d3ca0000)
 concurrent mark-sweep generation total 133268K, used 95095K [0x00000000e0c00000, 0x00000000e8e25000, 0x0000000100000000)
 Metaspace       used 188886K, capacity 201618K, committed 201888K, reserved 1226752K
  class space    used 22765K, capacity 25341K, committed 25436K, reserved 1048576K
Event: 15500.934 GC heap after
Heap after GC invocations=2065 (full 19):
 par new generation   total 39296K, used 3198K [0x00000000d1200000, 0x00000000d3ca0000, 0x00000000e0c00000)
  eden space 34944K,   0% used [0x00000000d1200000, 0x00000000d1200000, 0x00000000d3420000)
  from space 4352K,  73% used [0x00000000d3860000, 0x00000000d3b7fa40, 0x00000000d3ca0000)
  to   space 4352K,   0% used [0x00000000d3420000, 0x00000000d3420000, 0x00000000d3860000)
 concurrent mark-sweep generation total 133268K, used 95295K [0x00000000e0c00000, 0x00000000e8e25000, 0x0000000100000000)
 Metaspace       used 188886K, capacity 201618K, committed 201888K, reserved 1226752K
  class space    used 22765K, capacity 25341K, committed 25436K, reserved 1048576K
}
Event: 15501.296 GC heap before
{Heap before GC invocations=2065 (full 19):
 par new generation   total 39296K, used 38142K [0x00000000d1200000, 0x00000000d3ca0000, 0x00000000e0c00000)
  eden space 34944K, 100% used [0x00000000d1200000, 0x00000000d3420000, 0x00000000d3420000)
  from space 4352K,  73% used [0x00000000d3860000, 0x00000000d3b7fa40, 0x00000000d3ca0000)
  to   space 4352K,   0% used [0x00000000d3420000, 0x00000000d3420000, 0x00000000d3860000)
 concurrent mark-sweep generation total 133268K, used 95295K [0x00000000e0c00000, 0x00000000e8e25000, 0x0000000100000000)
 Metaspace       used 188886K, capacity 201618K, committed 201888K, reserved 1226752K
  class space    used 22765K, capacity 25341K, committed 25436K, reserved 1048576K

