# JRE version: OpenJDK Runtime Environment (8.0_202-b53) (build 1.8.0_202-release-1483-b53)
# Java VM: OpenJDK 64-Bit Server VM (25.202-b53 mixed mode windows-amd64 compressed oops)
Heap:
 par new generation   total 39296K, used 37999K [0x00000000d1200000, 0x00000000d3ca0000, 0x00000000e0c00000)
  eden space 34944K, 100% used [0x00000000d1200000, 0x00000000d3420000, 0x00000000d3420000)
  from space 4352K,  70% used [0x00000000d3420000, 0x00000000d371bd48, 0x00000000d3860000)
  to   space 4352K,  78% used [0x00000000d3860000, 0x00000000d3bb1808, 0x00000000d3ca0000)
 concurrent mark-sweep generation total 137184K, used 118313K [0x00000000e0c00000, 0x00000000e91f8000, 0x0000000100000000)
 Metaspace       used 175400K, capacity 187197K, committed 187512K, reserved 1212416K
  class space    used 21664K, capacity 23994K, committed 24112K, reserved 1048576K
GC Heap History (10 events):
Event: 16557.031 GC heap after
Heap after GC invocations=424 (full 8):
 par new generation   total 39296K, used 2187K [0x00000000d1200000, 0x00000000d3ca0000, 0x00000000e0c00000)
  eden space 34944K,   0% used [0x00000000d1200000, 0x00000000d1200000, 0x00000000d3420000)
  from space 4352K,  50% used [0x00000000d3420000, 0x00000000d3642cc0, 0x00000000d3860000)
  to   space 4352K,   0% used [0x00000000d3860000, 0x00000000d3860000, 0x00000000d3ca0000)
 concurrent mark-sweep generation total 137184K, used 117048K [0x00000000e0c00000, 0x00000000e91f8000, 0x0000000100000000)
 Metaspace       used 175337K, capacity 187127K, committed 187256K, reserved 1212416K
  class space    used 21663K, capacity 23993K, committed 24112K, reserved 1048576K
}
Event: 16557.233 GC heap before
{Heap before GC invocations=424 (full 8):
 par new generation   total 39296K, used 37131K [0x00000000d1200000, 0x00000000d3ca0000, 0x00000000e0c00000)
  eden space 34944K, 100% used [0x00000000d1200000, 0x00000000d3420000, 0x00000000d3420000)
  from space 4352K,  50% used [0x00000000d3420000, 0x00000000d3642cc0, 0x00000000d3860000)
  to   space 4352K,   0% used [0x00000000d3860000, 0x00000000d3860000, 0x00000000d3ca0000)
 concurrent mark-sweep generation total 137184K, used 117048K [0x00000000e0c00000, 0x00000000e91f8000, 0x0000000100000000)
 Metaspace       used 175337K, capacity 187127K, committed 187256K, reserved 1212416K
  class space    used 21663K, capacity 23993K, committed 24112K, reserved 1048576K
Event: 16557.240 GC heap after
Heap after GC invocations=425 (full 8):
 par new generation   total 39296K, used 2446K [0x00000000d1200000, 0x00000000d3ca0000, 0x00000000e0c00000)
  eden space 34944K,   0% used [0x00000000d1200000, 0x00000000d1200000, 0x00000000d3420000)
  from space 4352K,  56% used [0x00000000d3860000, 0x00000000d3ac39c8, 0x00000000d3ca0000)
  to   space 4352K,   0% used [0x00000000d3420000, 0x00000000d3420000, 0x00000000d3860000)
 concurrent mark-sweep generation total 137184K, used 117048K [0x00000000e0c00000, 0x00000000e91f8000, 0x0000000100000000)
 Metaspace       used 175337K, capacity 187127K, committed 187256K, reserved 1212416K
  class space    used 21663K, capacity 23993K, committed 24112K, reserved 1048576K
}
Event: 16557.444 GC heap before
{Heap before GC invocations=425 (full 8):
 par new generation   total 39296K, used 37390K [0x00000000d1200000, 0x00000000d3ca0000, 0x00000000e0c00000)
  eden space 34944K, 100% used [0x00000000d1200000, 0x00000000d3420000, 0x00000000d3420000)
  from space 4352K,  56% used [0x00000000d3860000, 0x00000000d3ac39c8, 0x00000000d3ca0000)
  to   space 4352K,   0% used [0x00000000d3420000, 0x00000000d3420000, 0x00000000d3860000)
 concurrent mark-sweep generation total 137184K, used 117048K [0x00000000e0c00000, 0x00000000e91f8000, 0x0000000100000000)
 Metaspace       used 175337K, capacity 187127K, committed 187256K, reserved 1212416K
  class space    used 21663K, capacity 23993K, committed 24112K, reserved 1048576K
Event: 16557.451 GC heap after
Heap after GC invocations=426 (full 8):
 par new generation   total 39296K, used 2660K [0x00000000d1200000, 0x00000000d3ca0000, 0x00000000e0c00000)
  eden space 34944K,   0% used [0x00000000d1200000, 0x00000000d1200000, 0x00000000d3420000)
  from space 4352K,  61% used [0x00000000d3420000, 0x00000000d36b91f8, 0x00000000d3860000)
  to   space 4352K,   0% used [0x00000000d3860000, 0x00000000d3860000, 0x00000000d3ca0000)
 concurrent mark-sweep generation total 137184K, used 117048K [0x00000000e0c00000, 0x00000000e91f8000, 0x0000000100000000)
 Metaspace       used 175337K, capacity 187127K, committed 187256K, reserved 1212416K
  class space    used 21663K, capacity 23993K, committed 24112K, reserved 1048576K
}
Event: 16557.887 GC heap before
{Heap before GC invocations=426 (full 8):
 par new generation   total 39296K, used 37604K [0x00000000d1200000, 0x00000000d3ca0000, 0x00000000e0c00000)
  eden space 34944K, 100% used [0x00000000d1200000, 0x00000000d3420000, 0x00000000d3420000)
  from space 4352K,  61% used [0x00000000d3420000, 0x00000000d36b91f8, 0x00000000d3860000)
  to   space 4352K,   0% used [0x00000000d3860000, 0x00000000d3860000, 0x00000000d3ca0000)
 concurrent mark-sweep generation total 137184K, used 117048K [0x00000000e0c00000, 0x00000000e91f8000, 0x0000000100000000)
 Metaspace       used 175339K, capacity 187133K, committed 187256K, reserved 1212416K
  class space    used 21664K, capacity 23994K, committed 24112K, reserved 1048576K
Event: 16557.896 GC heap after
Heap after GC invocations=427 (full 8):
 par new generation   total 39296K, used 1702K [0x00000000d1200000, 0x00000000d3ca0000, 0x00000000e0c00000)
  eden space 34944K,   0% used [0x00000000d1200000, 0x00000000d1200000, 0x00000000d3420000)
  from space 4352K,  39% used [0x00000000d3860000, 0x00000000d3a09840, 0x00000000d3ca0000)
  to   space 4352K,   0% used [0x00000000d3420000, 0x00000000d3420000, 0x00000000d3860000)
 concurrent mark-sweep generation total 137184K, used 117884K [0x00000000e0c00000, 0x00000000e91f8000, 0x0000000100000000)
 Metaspace       used 175339K, capacity 187133K, committed 187256K, reserved 1212416K
  class space    used 21664K, capacity 23994K, committed 24112K, reserved 1048576K
}
Event: 16566.303 GC heap before
{Heap before GC invocations=427 (full 8):
 par new generation   total 39296K, used 36646K [0x00000000d1200000, 0x00000000d3ca0000, 0x00000000e0c00000)
  eden space 34944K, 100% used [0x00000000d1200000, 0x00000000d3420000, 0x00000000d3420000)
  from space 4352K,  39% used [0x00000000d3860000, 0x00000000d3a09840, 0x00000000d3ca0000)
  to   space 4352K,   0% used [0x00000000d3420000, 0x00000000d3420000, 0x00000000d3860000)
 concurrent mark-sweep generation total 137184K, used 117884K [0x00000000e0c00000, 0x00000000e91f8000, 0x0000000100000000)
 Metaspace       used 175364K, capacity 187133K, committed 187256K, reserved 1212416K
  class space    used 21664K, capacity 23994K, committed 24112K, reserved 1048576K
Event: 16566.313 GC heap after
Heap after GC invocations=428 (full 8):
 par new generation   total 39296K, used 3055K [0x00000000d1200000, 0x00000000d3ca0000, 0x00000000e0c00000)
  eden space 34944K,   0% used [0x00000000d1200000, 0x00000000d1200000, 0x00000000d3420000)
  from space 4352K,  70% used [0x00000000d3420000, 0x00000000d371bd48, 0x00000000d3860000)
  to   space 4352K,   0% used [0x00000000d3860000, 0x00000000d3860000, 0x00000000d3ca0000)
 concurrent mark-sweep generation total 137184K, used 118077K [0x00000000e0c00000, 0x00000000e91f8000, 0x0000000100000000)
 Metaspace       used 175364K, capacity 187133K, committed 187256K, reserved 1212416K
  class space    used 21664K, capacity 23994K, committed 24112K, reserved 1048576K
}
Event: 16610.073 GC heap before
{Heap before GC invocations=428 (full 8):
 par new generation   total 39296K, used 37999K [0x00000000d1200000, 0x00000000d3ca0000, 0x00000000e0c00000)
  eden space 34944K, 100% used [0x00000000d1200000, 0x00000000d3420000, 0x00000000d3420000)
  from space 4352K,  70% used [0x00000000d3420000, 0x00000000d371bd48, 0x00000000d3860000)
  to   space 4352K,   0% used [0x00000000d3860000, 0x00000000d3860000, 0x00000000d3ca0000)
 concurrent mark-sweep generation total 137184K, used 118077K [0x00000000e0c00000, 0x00000000e91f8000, 0x0000000100000000)
 Metaspace       used 175400K, capacity 187197K, committed 187512K, reserved 1212416K
  class space    used 21664K, capacity 23994K, committed 24112K, reserved 1048576K

